#
# A fatal error has been detected by the Java Runtime Environment:
#
#  EXCEPTION_ACCESS_VIOLATION (0xc0000005) at pc=0x00007ffff4568a4c, pid=2676, tid=14900
#
# JRE version: OpenJDK Runtime Environment Temurin-17.0.1+12 (17.0.1+12) (build 17.0.1+12)
# Java VM: OpenJDK 64-Bit Server VM Temurin-17.0.1+12 (17.0.1+12, mixed mode, tiered, compressed oops, compressed class ptrs, g1 gc, windows-amd64)
# Problematic frame:
# C  [ucrtbase.dll+0x18a4c]
#
# No core dump will be written. Minidumps are not enabled by default on client versions of Windows
#

#   
#




Host: Intel(R) Core(TM) i7-10510U CPU @ 1.80GHz, 8 cores, 7G,  Windows 10 , 64 bit Build 19041 (10.0.19041.1645)
Time: Sun Apr 24 20:19:35 2022 South Africa Standard Time elapsed time: 9276.532366 seconds (0d 2h 34m 36s)

---------------  T H R E A D  ---------------

Current thread (0x000002461dd2bde0):  JavaThread "C2 CompilerThread0" daemon [_thread_in_native, id=14900, stack(0x00000046bbe00000,0x00000046bbf00000)]


Current CompileTask:
C2:9276532 2593       4       jdk.internal.module.Resources::toPackageName (39 bytes)

Stack: [0x00000046bbe00000,0x00000046bbf00000],  sp=0x00000046bbefb230,  free space=1004k
Native frames: (J=compiled Java code, j=interpreted, Vv=VM code, C=native code)
C  [ucrtbase.dll+0x18a4c]
C  [ucrtbase.dll+0x17ea9]
